Server jalan di port 3000
Trending error, fallback to mock: {
  error: {
    code: 403,
    message: "Method doesn't allow unregistered callers (callers without established identity). Please use API Key or other form of API consumer identity to call this API.",
    errors: [ [Object] ],
    status: 'PERMISSION_DENIED'
  }
}
Trending error, fallback to mock: {
  error: {
    code: 403,
    message: "Method doesn't allow unregistered callers (callers without established identity). Please use API Key or other form of API consumer identity to call this API.",
    errors: [ [Object] ],
    status: 'PERMISSION_DENIED'
  }
}
Search error, fallback to mock: {
  error: {
    code: 403,
    message: "Method doesn't allow unregistered callers (callers without established identity). Please use API Key or other form of API consumer identity to call this API.",
    errors: [ [Object] ],
    status: 'PERMISSION_DENIED'
  }
}
